[2026-05-06 00:43:58,622] Tamer/INFO/locust.main: Starting Locust 2.42.1
[2026-05-06 00:43:58,624] Tamer/INFO/locust.main: Run time limit set to 30 seconds
Type     Name                                                                          # reqs      # fails |    Avg     Min     Max    Med |   req/s  failures/s
--------|----------------------------------------------------------------------------|-------|-------------|-------|-------|-------|-------|--------|-----------
--------|----------------------------------------------------------------------------|-------|-------------|-------|-------|-------|-------|--------|-----------
         Aggregated                                                                         0     0(0.00%) |      0       0       0      0 |    0.00        0.00

[2026-05-06 00:43:58,626] Tamer/INFO/locust.runners: Ramping to 4 users at a rate of 2.00 per second
[2026-05-06 00:43:58,658] Tamer/ERROR/locust.user.users: web check shell failed: status=404
Traceback (most recent call last):
  File "C:\dev\projetos\checkcheck\.venv\Lib\site-packages\locust\user\users.py", line 158, in run
    self.on_start()
    ~~~~~~~~~~~~~^^
  File "C:\dev\projetos\checkcheck\scripts\load\phase10_locustfile.py", line 47, in on_start
    self._ensure_authenticated()
    ~~~~~~~~~~~~~~~~~~~~~~~~~~^^
  File "C:\dev\projetos\checkcheck\scripts\load\phase10_locustfile.py", line 103, in _ensure_authenticated
    self._open_check_shell()
    ~~~~~~~~~~~~~~~~~~~~~~^^
  File "C:\dev\projetos\checkcheck\scripts\load\phase10_locustfile.py", line 76, in _open_check_shell
    raise RuntimeError(f"web check shell failed: status={response.status_code}")
RuntimeError: web check shell failed: status=404

Traceback (most recent call last):
  File "src/gevent/greenlet.py", line 900, in gevent._gevent_cgreenlet.Greenlet.run
  File "C:\dev\projetos\checkcheck\.venv\Lib\site-packages\locust\user\users.py", line 196, in run_user
    user.run()
    ~~~~~~~~^^
  File "C:\dev\projetos\checkcheck\.venv\Lib\site-packages\locust\user\users.py", line 158, in run
    self.on_start()
    ~~~~~~~~~~~~~^^
  File "C:\dev\projetos\checkcheck\scripts\load\phase10_locustfile.py", line 47, in on_start
    self._ensure_authenticated()
    ~~~~~~~~~~~~~~~~~~~~~~~~~~^^
  File "C:\dev\projetos\checkcheck\scripts\load\phase10_locustfile.py", line 103, in _ensure_authenticated
    self._open_check_shell()
    ~~~~~~~~~~~~~~~~~~~~~~^^
  File "C:\dev\projetos\checkcheck\scripts\load\phase10_locustfile.py", line 76, in _open_check_shell
    raise RuntimeError(f"web check shell failed: status={response.status_code}")
RuntimeError: web check shell failed: status=404
2026-05-05T16:43:58Z <Greenlet at 0x1f7078fb2e0: run_user(<phase10_locustfile.Phase10WebCheckUser object at )> failed with RuntimeError

[2026-05-06 00:43:58,660] Tamer/ERROR/locust.user.users: web check shell failed: status=404
Traceback (most recent call last):
  File "C:\dev\projetos\checkcheck\.venv\Lib\site-packages\locust\user\users.py", line 158, in run
    self.on_start()
    ~~~~~~~~~~~~~^^
  File "C:\dev\projetos\checkcheck\scripts\load\phase10_locustfile.py", line 47, in on_start
    self._ensure_authenticated()
    ~~~~~~~~~~~~~~~~~~~~~~~~~~^^
  File "C:\dev\projetos\checkcheck\scripts\load\phase10_locustfile.py", line 103, in _ensure_authenticated
    self._open_check_shell()
    ~~~~~~~~~~~~~~~~~~~~~~^^
  File "C:\dev\projetos\checkcheck\scripts\load\phase10_locustfile.py", line 76, in _open_check_shell
    raise RuntimeError(f"web check shell failed: status={response.status_code}")
RuntimeError: web check shell failed: status=404

Traceback (most recent call last):
  File "src/gevent/greenlet.py", line 900, in gevent._gevent_cgreenlet.Greenlet.run
  File "C:\dev\projetos\checkcheck\.venv\Lib\site-packages\locust\user\users.py", line 196, in run_user
    user.run()
    ~~~~~~~~^^
  File "C:\dev\projetos\checkcheck\.venv\Lib\site-packages\locust\user\users.py", line 158, in run
    self.on_start()
    ~~~~~~~~~~~~~^^
  File "C:\dev\projetos\checkcheck\scripts\load\phase10_locustfile.py", line 47, in on_start
    self._ensure_authenticated()
    ~~~~~~~~~~~~~~~~~~~~~~~~~~^^
  File "C:\dev\projetos\checkcheck\scripts\load\phase10_locustfile.py", line 103, in _ensure_authenticated
    self._open_check_shell()
    ~~~~~~~~~~~~~~~~~~~~~~^^
  File "C:\dev\projetos\checkcheck\scripts\load\phase10_locustfile.py", line 76, in _open_check_shell
    raise RuntimeError(f"web check shell failed: status={response.status_code}")
RuntimeError: web check shell failed: status=404
2026-05-05T16:43:58Z <Greenlet at 0x1f7078fb1a0: run_user(<phase10_locustfile.Phase10WebCheckUser object at )> failed with RuntimeError

[2026-05-06 00:43:59,637] Tamer/INFO/locust.runners: All users spawned: {"Phase10WebCheckUser": 4} (4 total users)
[2026-05-06 00:43:59,648] Tamer/ERROR/locust.user.users: web check shell failed: status=404
Traceback (most recent call last):
  File "C:\dev\projetos\checkcheck\.venv\Lib\site-packages\locust\user\users.py", line 158, in run
    self.on_start()
    ~~~~~~~~~~~~~^^
  File "C:\dev\projetos\checkcheck\scripts\load\phase10_locustfile.py", line 47, in on_start
    self._ensure_authenticated()
    ~~~~~~~~~~~~~~~~~~~~~~~~~~^^
  File "C:\dev\projetos\checkcheck\scripts\load\phase10_locustfile.py", line 103, in _ensure_authenticated
    self._open_check_shell()
    ~~~~~~~~~~~~~~~~~~~~~~^^
  File "C:\dev\projetos\checkcheck\scripts\load\phase10_locustfile.py", line 76, in _open_check_shell
    raise RuntimeError(f"web check shell failed: status={response.status_code}")
RuntimeError: web check shell failed: status=404

Traceback (most recent call last):
  File "src/gevent/greenlet.py", line 900, in gevent._gevent_cgreenlet.Greenlet.run
  File "C:\dev\projetos\checkcheck\.venv\Lib\site-packages\locust\user\users.py", line 196, in run_user
    user.run()
    ~~~~~~~~^^
  File "C:\dev\projetos\checkcheck\.venv\Lib\site-packages\locust\user\users.py", line 158, in run
    self.on_start()
    ~~~~~~~~~~~~~^^
  File "C:\dev\projetos\checkcheck\scripts\load\phase10_locustfile.py", line 47, in on_start
    self._ensure_authenticated()
    ~~~~~~~~~~~~~~~~~~~~~~~~~~^^
  File "C:\dev\projetos\checkcheck\scripts\load\phase10_locustfile.py", line 103, in _ensure_authenticated
    self._open_check_shell()
    ~~~~~~~~~~~~~~~~~~~~~~^^
  File "C:\dev\projetos\checkcheck\scripts\load\phase10_locustfile.py", line 76, in _open_check_shell
    raise RuntimeError(f"web check shell failed: status={response.status_code}")
RuntimeError: web check shell failed: status=404
2026-05-05T16:43:59Z <Greenlet at 0x1f7079c1da0: run_user(<phase10_locustfile.Phase10WebCheckUser object at )> failed with RuntimeError

[2026-05-06 00:43:59,650] Tamer/ERROR/locust.user.users: web check shell failed: status=404
Traceback (most recent call last):
  File "C:\dev\projetos\checkcheck\.venv\Lib\site-packages\locust\user\users.py", line 158, in run
    self.on_start()
    ~~~~~~~~~~~~~^^
  File "C:\dev\projetos\checkcheck\scripts\load\phase10_locustfile.py", line 47, in on_start
    self._ensure_authenticated()
    ~~~~~~~~~~~~~~~~~~~~~~~~~~^^
  File "C:\dev\projetos\checkcheck\scripts\load\phase10_locustfile.py", line 103, in _ensure_authenticated
    self._open_check_shell()
    ~~~~~~~~~~~~~~~~~~~~~~^^
  File "C:\dev\projetos\checkcheck\scripts\load\phase10_locustfile.py", line 76, in _open_check_shell
    raise RuntimeError(f"web check shell failed: status={response.status_code}")
RuntimeError: web check shell failed: status=404

Traceback (most recent call last):
  File "src/gevent/greenlet.py", line 900, in gevent._gevent_cgreenlet.Greenlet.run
  File "C:\dev\projetos\checkcheck\.venv\Lib\site-packages\locust\user\users.py", line 196, in run_user
    user.run()
    ~~~~~~~~^^
  File "C:\dev\projetos\checkcheck\.venv\Lib\site-packages\locust\user\users.py", line 158, in run
    self.on_start()
    ~~~~~~~~~~~~~^^
  File "C:\dev\projetos\checkcheck\scripts\load\phase10_locustfile.py", line 47, in on_start
    self._ensure_authenticated()
    ~~~~~~~~~~~~~~~~~~~~~~~~~~^^
  File "C:\dev\projetos\checkcheck\scripts\load\phase10_locustfile.py", line 103, in _ensure_authenticated
    self._open_check_shell()
    ~~~~~~~~~~~~~~~~~~~~~~^^
  File "C:\dev\projetos\checkcheck\scripts\load\phase10_locustfile.py", line 76, in _open_check_shell
    raise RuntimeError(f"web check shell failed: status={response.status_code}")
RuntimeError: web check shell failed: status=404
2026-05-05T16:43:59Z <Greenlet at 0x1f7079c22a0: run_user(<phase10_locustfile.Phase10WebCheckUser object at )> failed with RuntimeError

[2026-05-06 00:43:59,651] Tamer/ERROR/locust.user.users: web check shell failed: status=404
Traceback (most recent call last):
  File "C:\dev\projetos\checkcheck\.venv\Lib\site-packages\locust\user\users.py", line 158, in run
    self.on_start()
    ~~~~~~~~~~~~~^^
  File "C:\dev\projetos\checkcheck\scripts\load\phase10_locustfile.py", line 47, in on_start
    self._ensure_authenticated()
    ~~~~~~~~~~~~~~~~~~~~~~~~~~^^
  File "C:\dev\projetos\checkcheck\scripts\load\phase10_locustfile.py", line 103, in _ensure_authenticated
    self._open_check_shell()
    ~~~~~~~~~~~~~~~~~~~~~~^^
  File "C:\dev\projetos\checkcheck\scripts\load\phase10_locustfile.py", line 76, in _open_check_shell
    raise RuntimeError(f"web check shell failed: status={response.status_code}")
RuntimeError: web check shell failed: status=404

Traceback (most recent call last):
  File "src/gevent/greenlet.py", line 900, in gevent._gevent_cgreenlet.Greenlet.run
  File "C:\dev\projetos\checkcheck\.venv\Lib\site-packages\locust\user\users.py", line 196, in run_user
    user.run()
    ~~~~~~~~^^
  File "C:\dev\projetos\checkcheck\.venv\Lib\site-packages\locust\user\users.py", line 158, in run
    self.on_start()
    ~~~~~~~~~~~~~^^
  File "C:\dev\projetos\checkcheck\scripts\load\phase10_locustfile.py", line 47, in on_start
    self._ensure_authenticated()
    ~~~~~~~~~~~~~~~~~~~~~~~~~~^^
  File "C:\dev\projetos\checkcheck\scripts\load\phase10_locustfile.py", line 103, in _ensure_authenticated
    self._open_check_shell()
    ~~~~~~~~~~~~~~~~~~~~~~^^
  File "C:\dev\projetos\checkcheck\scripts\load\phase10_locustfile.py", line 76, in _open_check_shell
    raise RuntimeError(f"web check shell failed: status={response.status_code}")
RuntimeError: web check shell failed: status=404
2026-05-05T16:43:59Z <Greenlet at 0x1f7048a0220: run_user(<phase10_locustfile.Phase10WebCheckUser object at )> failed with RuntimeError

[2026-05-06 00:43:59,652] Tamer/ERROR/locust.user.users: web check shell failed: status=404
Traceback (most recent call last):
  File "C:\dev\projetos\checkcheck\.venv\Lib\site-packages\locust\user\users.py", line 158, in run
    self.on_start()
    ~~~~~~~~~~~~~^^
  File "C:\dev\projetos\checkcheck\scripts\load\phase10_locustfile.py", line 47, in on_start
    self._ensure_authenticated()
    ~~~~~~~~~~~~~~~~~~~~~~~~~~^^
  File "C:\dev\projetos\checkcheck\scripts\load\phase10_locustfile.py", line 103, in _ensure_authenticated
    self._open_check_shell()
    ~~~~~~~~~~~~~~~~~~~~~~^^
  File "C:\dev\projetos\checkcheck\scripts\load\phase10_locustfile.py", line 76, in _open_check_shell
    raise RuntimeError(f"web check shell failed: status={response.status_code}")
RuntimeError: web check shell failed: status=404

Traceback (most recent call last):
  File "src/gevent/greenlet.py", line 900, in gevent._gevent_cgreenlet.Greenlet.run
  File "C:\dev\projetos\checkcheck\.venv\Lib\site-packages\locust\user\users.py", line 196, in run_user
    user.run()
    ~~~~~~~~^^
  File "C:\dev\projetos\checkcheck\.venv\Lib\site-packages\locust\user\users.py", line 158, in run
    self.on_start()
    ~~~~~~~~~~~~~^^
  File "C:\dev\projetos\checkcheck\scripts\load\phase10_locustfile.py", line 47, in on_start
    self._ensure_authenticated()
    ~~~~~~~~~~~~~~~~~~~~~~~~~~^^
  File "C:\dev\projetos\checkcheck\scripts\load\phase10_locustfile.py", line 103, in _ensure_authenticated
    self._open_check_shell()
    ~~~~~~~~~~~~~~~~~~~~~~^^
  File "C:\dev\projetos\checkcheck\scripts\load\phase10_locustfile.py", line 76, in _open_check_shell
    raise RuntimeError(f"web check shell failed: status={response.status_code}")
RuntimeError: web check shell failed: status=404
2026-05-05T16:43:59Z <Greenlet at 0x1f7079c2340: run_user(<phase10_locustfile.Phase10WebCheckUser object at )> failed with RuntimeError

Type     Name                                                                          # reqs      # fails |    Avg     Min     Max    Med |   req/s  failures/s
--------|----------------------------------------------------------------------------|-------|-------------|-------|-------|-------|-------|--------|-----------
GET      GET /checking/user                                                                 6   6(100.00%) |     13       4      32     11 |    0.00        0.00
--------|----------------------------------------------------------------------------|-------|-------------|-------|-------|-------|-------|--------|-----------
         Aggregated                                                                         6   6(100.00%) |     13       4      32     11 |    0.00        0.00

Type     Name                                                                          # reqs      # fails |    Avg     Min     Max    Med |   req/s  failures/s
--------|----------------------------------------------------------------------------|-------|-------------|-------|-------|-------|-------|--------|-----------
GET      GET /checking/user                                                                 6   6(100.00%) |     13       4      32     11 |    0.00        0.00
--------|----------------------------------------------------------------------------|-------|-------------|-------|-------|-------|-------|--------|-----------
         Aggregated                                                                         6   6(100.00%) |     13       4      32     11 |    0.00        0.00

Type     Name                                                                          # reqs      # fails |    Avg     Min     Max    Med |   req/s  failures/s
--------|----------------------------------------------------------------------------|-------|-------------|-------|-------|-------|-------|--------|-----------
GET      GET /checking/user                                                                 6   6(100.00%) |     13       4      32     11 |    0.00        0.00
--------|----------------------------------------------------------------------------|-------|-------------|-------|-------|-------|-------|--------|-----------
         Aggregated                                                                         6   6(100.00%) |     13       4      32     11 |    0.00        0.00

Type     Name                                                                          # reqs      # fails |    Avg     Min     Max    Med |   req/s  failures/s
--------|----------------------------------------------------------------------------|-------|-------------|-------|-------|-------|-------|--------|-----------
GET      GET /checking/user                                                                 6   6(100.00%) |     13       4      32     11 |    0.00        0.00
--------|----------------------------------------------------------------------------|-------|-------------|-------|-------|-------|-------|--------|-----------
         Aggregated                                                                         6   6(100.00%) |     13       4      32     11 |    0.00        0.00

Type     Name                                                                          # reqs      # fails |    Avg     Min     Max    Med |   req/s  failures/s
--------|----------------------------------------------------------------------------|-------|-------------|-------|-------|-------|-------|--------|-----------
GET      GET /checking/user                                                                 6   6(100.00%) |     13       4      32     11 |    0.00        0.00
--------|----------------------------------------------------------------------------|-------|-------------|-------|-------|-------|-------|--------|-----------
         Aggregated                                                                         6   6(100.00%) |     13       4      32     11 |    0.00        0.00

Type     Name                                                                          # reqs      # fails |    Avg     Min     Max    Med |   req/s  failures/s
--------|----------------------------------------------------------------------------|-------|-------------|-------|-------|-------|-------|--------|-----------
GET      GET /checking/user                                                                 6   6(100.00%) |     13       4      32     11 |    0.00        0.00
--------|----------------------------------------------------------------------------|-------|-------------|-------|-------|-------|-------|--------|-----------
         Aggregated                                                                         6   6(100.00%) |     13       4      32     11 |    0.00        0.00

Type     Name                                                                          # reqs      # fails |    Avg     Min     Max    Med |   req/s  failures/s
--------|----------------------------------------------------------------------------|-------|-------------|-------|-------|-------|-------|--------|-----------
GET      GET /checking/user                                                                 6   6(100.00%) |     13       4      32     11 |    0.00        0.00
--------|----------------------------------------------------------------------------|-------|-------------|-------|-------|-------|-------|--------|-----------
         Aggregated                                                                         6   6(100.00%) |     13       4      32     11 |    0.00        0.00

Type     Name                                                                          # reqs      # fails |    Avg     Min     Max    Med |   req/s  failures/s
--------|----------------------------------------------------------------------------|-------|-------------|-------|-------|-------|-------|--------|-----------
GET      GET /checking/user                                                                 6   6(100.00%) |     13       4      32     11 |    0.00        0.00
--------|----------------------------------------------------------------------------|-------|-------------|-------|-------|-------|-------|--------|-----------
         Aggregated                                                                         6   6(100.00%) |     13       4      32     11 |    0.00        0.00

Type     Name                                                                          # reqs      # fails |    Avg     Min     Max    Med |   req/s  failures/s
--------|----------------------------------------------------------------------------|-------|-------------|-------|-------|-------|-------|--------|-----------
GET      GET /checking/user                                                                 6   6(100.00%) |     13       4      32     11 |    0.00        0.00
--------|----------------------------------------------------------------------------|-------|-------------|-------|-------|-------|-------|--------|-----------
         Aggregated                                                                         6   6(100.00%) |     13       4      32     11 |    0.00        0.00

Type     Name                                                                          # reqs      # fails |    Avg     Min     Max    Med |   req/s  failures/s
--------|----------------------------------------------------------------------------|-------|-------------|-------|-------|-------|-------|--------|-----------
GET      GET /checking/user                                                                 6   6(100.00%) |     13       4      32     11 |    0.00        0.00
--------|----------------------------------------------------------------------------|-------|-------------|-------|-------|-------|-------|--------|-----------
         Aggregated                                                                         6   6(100.00%) |     13       4      32     11 |    0.00        0.00

Type     Name                                                                          # reqs      # fails |    Avg     Min     Max    Med |   req/s  failures/s
--------|----------------------------------------------------------------------------|-------|-------------|-------|-------|-------|-------|--------|-----------
GET      GET /checking/user                                                                 6   6(100.00%) |     13       4      32     11 |    0.00        0.00
--------|----------------------------------------------------------------------------|-------|-------------|-------|-------|-------|-------|--------|-----------
         Aggregated                                                                         6   6(100.00%) |     13       4      32     11 |    0.00        0.00

Type     Name                                                                          # reqs      # fails |    Avg     Min     Max    Med |   req/s  failures/s
--------|----------------------------------------------------------------------------|-------|-------------|-------|-------|-------|-------|--------|-----------
GET      GET /checking/user                                                                 6   6(100.00%) |     13       4      32     11 |    0.00        0.00
--------|----------------------------------------------------------------------------|-------|-------------|-------|-------|-------|-------|--------|-----------
         Aggregated                                                                         6   6(100.00%) |     13       4      32     11 |    0.00        0.00

Type     Name                                                                          # reqs      # fails |    Avg     Min     Max    Med |   req/s  failures/s
--------|----------------------------------------------------------------------------|-------|-------------|-------|-------|-------|-------|--------|-----------
GET      GET /checking/user                                                                 6   6(100.00%) |     13       4      32     11 |    0.00        0.00
--------|----------------------------------------------------------------------------|-------|-------------|-------|-------|-------|-------|--------|-----------
         Aggregated                                                                         6   6(100.00%) |     13       4      32     11 |    0.00        0.00

Type     Name                                                                          # reqs      # fails |    Avg     Min     Max    Med |   req/s  failures/s
--------|----------------------------------------------------------------------------|-------|-------------|-------|-------|-------|-------|--------|-----------
GET      GET /checking/user                                                                 6   6(100.00%) |     13       4      32     11 |    0.00        0.00
--------|----------------------------------------------------------------------------|-------|-------------|-------|-------|-------|-------|--------|-----------
         Aggregated                                                                         6   6(100.00%) |     13       4      32     11 |    0.00        0.00

[2026-05-06 00:44:26,819] Tamer/INFO/locust.main: --run-time limit reached, shutting down
[2026-05-06 00:44:26,941] Tamer/INFO/locust.main: writing html report to file: C:\dev\projetos\checkcheck\docs\artifacts\phase10\first-local-web-check-report-fixed\phase10_web_check.html
[2026-05-06 00:44:26,943] Tamer/INFO/locust.main: Shutting down (exit code 1)
Type     Name                                                                          # reqs      # fails |    Avg     Min     Max    Med |   req/s  failures/s
--------|----------------------------------------------------------------------------|-------|-------------|-------|-------|-------|-------|--------|-----------
GET      GET /checking/user                                                                 6   6(100.00%) |     13       4      32     11 |    5.85        5.85
--------|----------------------------------------------------------------------------|-------|-------------|-------|-------|-------|-------|--------|-----------
         Aggregated                                                                         6   6(100.00%) |     13       4      32     11 |    5.85        5.85

Response time percentiles (approximated)
Type     Name                                                                                  50%    66%    75%    80%    90%    95%    98%    99%  99.9% 99.99%   100% # reqs
--------|--------------------------------------------------------------------------------|--------|------|------|------|------|------|------|------|------|------|------|------
GET      GET /checking/user                                                                     13     13     13     13     33     33     33     33     33     33     33      6
--------|--------------------------------------------------------------------------------|--------|------|------|------|------|------|------|------|------|------|------|------
         Aggregated                                                                             13     13     13     13     33     33     33     33     33     33     33      6

Error report
# occurrences      Error                                                                                               
------------------|---------------------------------------------------------------------------------------------------------------------------------------------
6                  GET GET /checking/user: HTTPError('404 Client Error: Not Found for url: GET /checking/user')        
------------------|---------------------------------------------------------------------------------------------------------------------------------------------

